<?xml version="1.0" encoding="UTF-8"?>
<!-- Generated by org.testng.reporters.JUnitReportReporter -->
<testsuite hostname="win2019" failures="0" tests="1" name="comm.dropdown.Drop_down_box1" time="8.150" errors="0" timestamp="2024-08-26T08:34:33 PDT" skipped="0">
  <testcase classname="comm.dropdown.Drop_down_box1" name="Dropdown1" time="8.150"/>
  <system-out/>
</testsuite> <!-- comm.dropdown.Drop_down_box1 -->
